Using pre-set license
Built from '2020.3/staging' branch; Version is '2020.3.25f1 (9b9180224418) revision 10195328'; Using compiler version '192528614'; Build Type 'Release'
OS: 'Windows 10  (10.0.19043) 64bit Core' Language: 'en' Physical Memory: 16229 MB
BatchMode: 1, IsHumanControllingUs: 0, StartBugReporterOnCrash: 0, Is64bit: 1, IsPro: 0

COMMAND LINE ARGUMENTS:
C:\Program Files\Unity\Hub\Editor\2020.3.25f1\Editor\Unity.exe
-adb2
-batchMode
-noUpm
-name
AssetImportWorker0
-projectPath
C:/Users/ghost/Documents/GitHub/Final-Project-AR-Pipes-Unity
-logFile
Logs/AssetImportWorker0.log
-srvPort
65480
Successfully changed project path to: C:/Users/ghost/Documents/GitHub/Final-Project-AR-Pipes-Unity
C:/Users/ghost/Documents/GitHub/Final-Project-AR-Pipes-Unity
Using Asset Import Pipeline V2.
Refreshing native plugins compatible for Editor in 39.97 ms, found 2 plugins.
Preloading 0 native plugins for Editor in 0.00 ms.
Initialize engine version: 2020.3.25f1 (9b9180224418)
[Subsystems] Discovering subsystems at path C:/Program Files/Unity/Hub/Editor/2020.3.25f1/Editor/Data/Resources/UnitySubsystems
[Subsystems] Discovering subsystems at path C:/Users/ghost/Documents/GitHub/Final-Project-AR-Pipes-Unity/Assets
GfxDevice: creating device client; threaded=0
Direct3D:
    Version:  Direct3D 11.0 [level 11.1]
    Renderer: NVIDIA GeForce GTX 1660 Ti (ID=0x2191)
    Vendor:   
    VRAM:     5991 MB
    Driver:   30.0.15.1277
Initialize mono
Mono path[0] = 'C:/Program Files/Unity/Hub/Editor/2020.3.25f1/Editor/Data/Managed'
Mono path[1] = 'C:/Program Files/Unity/Hub/Editor/2020.3.25f1/Editor/Data/MonoBleedingEdge/lib/mono/unityjit'
Mono config path = 'C:/Program Files/Unity/Hub/Editor/2020.3.25f1/Editor/Data/MonoBleedingEdge/etc'
Using monoOptions --debugger-agent=transport=dt_socket,embedding=1,server=y,suspend=n,address=127.0.0.1:56724
Begin MonoManager ReloadAssembly
Registering precompiled unity dll's ...
Register platform support module: C:/Program Files/Unity/Hub/Editor/2020.3.25f1/Editor/Data/PlaybackEngines/WindowsStandaloneSupport/UnityEditor.WindowsStandalone.Extensions.dll
Registered in 0.002105 seconds.
Native extension for WindowsStandalone target not found
Refreshing native plugins compatible for Editor in 37.29 ms, found 2 plugins.
Preloading 0 native plugins for Editor in 0.00 ms.
Mono: successfully reloaded assembly
- Completed reload, in  0.596 seconds
Domain Reload Profiling:
	ReloadAssembly (596ms)
		BeginReloadAssembly (59ms)
			ExecutionOrderSort (0ms)
			DisableScriptedObjects (0ms)
			BackupInstance (0ms)
			ReleaseScriptingObjects (0ms)
			CreateAndSetChildDomain (1ms)
		EndReloadAssembly (461ms)
			LoadAssemblies (57ms)
			RebuildTransferFunctionScriptingTraits (0ms)
			SetupTypeCache (156ms)
			ReleaseScriptCaches (0ms)
			RebuildScriptCaches (31ms)
			SetupLoadedEditorAssemblies (170ms)
				LogAssemblyErrors (0ms)
				InitializePlatformSupportModulesInManaged (4ms)
				SetLoadedEditorAssemblies (0ms)
				RefreshPlugins (37ms)
				BeforeProcessingInitializeOnLoad (17ms)
				ProcessInitializeOnLoadAttributes (80ms)
				ProcessInitializeOnLoadMethodAttributes (31ms)
				AfterProcessingInitializeOnLoad (0ms)
				EditorAssembliesLoaded (0ms)
			ExecutionOrderSort2 (0ms)
			AwakeInstancesAfterBackupRestoration (0ms)
Platform modules already initialized, skipping
Registering precompiled user dll's ...
Registered in 0.004549 seconds.
Begin MonoManager ReloadAssembly
Native extension for WindowsStandalone target not found
Refreshing native plugins compatible for Editor in 0.45 ms, found 2 plugins.
Preloading 0 native plugins for Editor in 0.00 ms.
Mono: successfully reloaded assembly
- Completed reload, in  1.148 seconds
Domain Reload Profiling:
	ReloadAssembly (1149ms)
		BeginReloadAssembly (161ms)
			ExecutionOrderSort (0ms)
			DisableScriptedObjects (4ms)
			BackupInstance (0ms)
			ReleaseScriptingObjects (0ms)
			CreateAndSetChildDomain (19ms)
		EndReloadAssembly (926ms)
			LoadAssemblies (111ms)
			RebuildTransferFunctionScriptingTraits (0ms)
			SetupTypeCache (349ms)
			ReleaseScriptCaches (0ms)
			RebuildScriptCaches (49ms)
			SetupLoadedEditorAssemblies (322ms)
				LogAssemblyErrors (0ms)
				InitializePlatformSupportModulesInManaged (5ms)
				SetLoadedEditorAssemblies (0ms)
				RefreshPlugins (1ms)
				BeforeProcessingInitializeOnLoad (97ms)
				ProcessInitializeOnLoadAttributes (204ms)
				ProcessInitializeOnLoadMethodAttributes (9ms)
				AfterProcessingInitializeOnLoad (6ms)
				EditorAssembliesLoaded (0ms)
			ExecutionOrderSort2 (0ms)
			AwakeInstancesAfterBackupRestoration (6ms)
Platform modules already initialized, skipping
========================================================================
Worker process is ready to serve import requests
Launched and connected shader compiler UnityShaderCompiler.exe after 0.10 seconds
Refreshing native plugins compatible for Editor in 0.45 ms, found 2 plugins.
Preloading 0 native plugins for Editor in 0.00 ms.
Unloading 1870 Unused Serialized files (Serialized files now loaded: 0)
System memory in use before: 82.6 MB.
System memory in use after: 82.7 MB.

Unloading 21 unused Assets to reduce memory usage. Loaded Objects now: 2309.
Total: 2.600400 ms (FindLiveObjects: 0.129200 ms CreateObjectMapping: 0.067800 ms MarkObjects: 2.327400 ms  DeleteObjects: 0.075000 ms)

AssetImportParameters requested are different than current active one (requested -> active):
  custom:framework-win-MediaFoundation: 216162199b28c13a410421893ffa2e32 -> 
  custom:video-decoder-ogg-theora: a1e56fd34408186e4bbccfd4996cb3dc -> 
  custom:container-muxer-webm: aa71ff27fc2769a1b78a27578f13a17b -> 
  custom:container-demuxer-webm: 4f35f7cbe854078d1ac9338744f61a02 -> 
  custom:container-demuxer-ogg: 62fdf1f143b41e24485cea50d1cbac27 -> 
  custom:video-encoder-webm-vp8: eb34c28f22e8b96e1ab97ce403110664 -> 
  custom:video-decoder-webm-vp8: 9c59270c3fd7afecdb556c50c9e8de78 -> 
  custom:audio-decoder-ogg-vorbis: bf7c407c2cedff20999df2af8eb42d56 -> 
  custom:audio-encoder-webm-vorbis: bf7c407c2cedff20999df2af8eb42d56 -> 
========================================================================
Received Import Request.
  path: Assets/Scenes/ExitScene.unity
  artifactKey: Guid(be29020077ffc0b41bd7b45b103230d4) Importer(815301076,1909f56bfc062723c751e8b465ee728b)
Start importing Assets/Scenes/ExitScene.unity using Guid(be29020077ffc0b41bd7b45b103230d4) Importer(815301076,1909f56bfc062723c751e8b465ee728b)  -> (artifact id: 'cfc5c6f76b46fcc3ee6d8a62c2cf33fa') in 0.019320 seconds 
  Import took 0.022877 seconds .

========================================================================
Received Import Request.
  Time since last request: 0.000399 seconds.
  path: Assets/Scenes/About.unity
  artifactKey: Guid(01fbc3eee5f17cd489a28a8b5c24b086) Importer(815301076,1909f56bfc062723c751e8b465ee728b)
Start importing Assets/Scenes/About.unity using Guid(01fbc3eee5f17cd489a28a8b5c24b086) Importer(815301076,1909f56bfc062723c751e8b465ee728b)  -> (artifact id: '6086cbe74afdb146cbc40d6f5dd6e045') in 0.008511 seconds 
  Import took 0.012359 seconds .

========================================================================
Received Import Request.
  Time since last request: 0.428035 seconds.
  path: Assets/Scenes/Instructions.unity
  artifactKey: Guid(5ebb1e147598c544fac97242733c6fe0) Importer(815301076,1909f56bfc062723c751e8b465ee728b)
Start importing Assets/Scenes/Instructions.unity using Guid(5ebb1e147598c544fac97242733c6fe0) Importer(815301076,1909f56bfc062723c751e8b465ee728b)  -> (artifact id: 'c048a6f13e399767e12a8f46dee96681') in 0.009812 seconds 
  Import took 0.012663 seconds .

========================================================================
Received Import Request.
  Time since last request: 3.157575 seconds.
  path: Assets/Scenes/Load.unity
  artifactKey: Guid(456a453a74b424940b6e0d0b3f673f41) Importer(815301076,1909f56bfc062723c751e8b465ee728b)
Start importing Assets/Scenes/Load.unity using Guid(456a453a74b424940b6e0d0b3f673f41) Importer(815301076,1909f56bfc062723c751e8b465ee728b)  -> (artifact id: 'c50cb19afcdd00c0d6e161d026105164') in 0.007037 seconds 
  Import took 0.010649 seconds .

========================================================================
Received Import Request.
  Time since last request: 1.559713 seconds.
  path: Assets/Scenes/LoadList.unity
  artifactKey: Guid(572dd69ef17a46647ab4b96ed40c66fc) Importer(815301076,1909f56bfc062723c751e8b465ee728b)
Start importing Assets/Scenes/LoadList.unity using Guid(572dd69ef17a46647ab4b96ed40c66fc) Importer(815301076,1909f56bfc062723c751e8b465ee728b)  -> (artifact id: 'eb3c0617f60206ecb1bbd3d1dc71f1e2') in 0.005861 seconds 
  Import took 0.009521 seconds .

========================================================================
Received Import Request.
  Time since last request: 1.239553 seconds.
  path: Assets/Scenes/MainMenu.unity
  artifactKey: Guid(9fc0d4010bbf28b4594072e72b8655ab) Importer(815301076,1909f56bfc062723c751e8b465ee728b)
Start importing Assets/Scenes/MainMenu.unity using Guid(9fc0d4010bbf28b4594072e72b8655ab) Importer(815301076,1909f56bfc062723c751e8b465ee728b)  -> (artifact id: '626d44f7050376c7a436e79f581d089c') in 0.007536 seconds 
  Import took 0.010749 seconds .

========================================================================
Received Import Request.
  Time since last request: 4.869746 seconds.
  path: Assets/Scenes/NewScanName.unity
  artifactKey: Guid(6e9869c0e9d717a4cb71621c7a15636e) Importer(815301076,1909f56bfc062723c751e8b465ee728b)
Start importing Assets/Scenes/NewScanName.unity using Guid(6e9869c0e9d717a4cb71621c7a15636e) Importer(815301076,1909f56bfc062723c751e8b465ee728b)  -> (artifact id: '7ce886091c70456c9df5d267458831a5') in 0.007127 seconds 
  Import took 0.010056 seconds .

========================================================================
Received Import Request.
  Time since last request: 2044.320898 seconds.
  path: Assets/Scenes/Instructions.unity
  artifactKey: Guid(5ebb1e147598c544fac97242733c6fe0) Importer(815301076,1909f56bfc062723c751e8b465ee728b)
Start importing Assets/Scenes/Instructions.unity using Guid(5ebb1e147598c544fac97242733c6fe0) Importer(815301076,1909f56bfc062723c751e8b465ee728b)  -> (artifact id: '047c20e4bbc65ae306e750ce98b5d73c') in 0.003122 seconds 
  Import took 0.008613 seconds .

